** ECO In Report **

Wed Nov 17 15:30:01 2021

Input  File : C:\PADS Projects\DxProjects\Proyecto\TOP.eco
Current Job : IC-ShelterPCB.pcb



Line 11 , Section *DEL_ATTRIBUTE*
"STATUS"
* WARNING: Processing command to delete attribute "STATUS" from Component K1.
*          The attribute is also inherited from Decal RLY_AZ921.
*          The change is not fully reconciled for cases where the schematic
*          does not support hierarchical attributes.

Line 12 , Section *DEL_ATTRIBUTE*
"TIMESTAMP"
* WARNING: Processing command to delete attribute "TIMESTAMP" from Component K1.
*          The attribute is also inherited from Decal RLY_AZ921.
*          The change is not fully reconciled for cases where the schematic
*          does not support hierarchical attributes.

Line 15 , Section *DEL_ATTRIBUTE*
"STATUS"
* WARNING: Processing command to delete attribute "STATUS" from Component K2.
*          The attribute is also inherited from Decal RLY_AZ921.
*          The change is not fully reconciled for cases where the schematic
*          does not support hierarchical attributes.

Line 16 , Section *DEL_ATTRIBUTE*
"TIMESTAMP"
* WARNING: Processing command to delete attribute "TIMESTAMP" from Component K2.
*          The attribute is also inherited from Decal RLY_AZ921.
*          The change is not fully reconciled for cases where the schematic
*          does not support hierarchical attributes.

Line 19 , Section *DEL_ATTRIBUTE*
"STATUS"
* WARNING: Processing command to delete attribute "STATUS" from Component K3.
*          The attribute is also inherited from Decal RLY_AZ921.
*          The change is not fully reconciled for cases where the schematic
*          does not support hierarchical attributes.

Line 20 , Section *DEL_ATTRIBUTE*
"TIMESTAMP"
* WARNING: Processing command to delete attribute "TIMESTAMP" from Component K3.
*          The attribute is also inherited from Decal RLY_AZ921.
*          The change is not fully reconciled for cases where the schematic
*          does not support hierarchical attributes.

Line 23 , Section *DEL_ATTRIBUTE*
"STATUS"
* WARNING: Processing command to delete attribute "STATUS" from Component K4.
*          The attribute is also inherited from Decal RLY_AZ921.
*          The change is not fully reconciled for cases where the schematic
*          does not support hierarchical attributes.

Line 24 , Section *DEL_ATTRIBUTE*
"TIMESTAMP"
* WARNING: Processing command to delete attribute "TIMESTAMP" from Component K4.
*          The attribute is also inherited from Decal RLY_AZ921.
*          The change is not fully reconciled for cases where the schematic
*          does not support hierarchical attributes.

Line 27 , Section *DEL_ATTRIBUTE*
"STATUS"
* WARNING: Processing command to delete attribute "STATUS" from Component K5.
*          The attribute is also inherited from Decal RLY_AZ921.
*          The change is not fully reconciled for cases where the schematic
*          does not support hierarchical attributes.

Line 28 , Section *DEL_ATTRIBUTE*
"TIMESTAMP"
* WARNING: Processing command to delete attribute "TIMESTAMP" from Component K5.
*          The attribute is also inherited from Decal RLY_AZ921.
*          The change is not fully reconciled for cases where the schematic
*          does not support hierarchical attributes.

Line 53 , Section *DEL_ATTRIBUTE*
"IPC_VERSION"
* WARNING: Processing command to delete attribute "IPC_VERSION" from Component C3.
*          The attribute is also inherited from Decal CAPAE530W610HN.
*          The change is not fully reconciled for cases where the schematic
*          does not support hierarchical attributes.

Line 54 , Section *DEL_ATTRIBUTE*
"POLARITY"
* WARNING: Processing command to delete attribute "POLARITY" from Component C3.
*          The attribute is also inherited from Decal CAPAE530W610HN.
*          The change is not fully reconciled for cases where the schematic
*          does not support hierarchical attributes.

Line 55 , Section *DEL_ATTRIBUTE*
"STATUS"
* WARNING: Processing command to delete attribute "STATUS" from Component C3.
*          The attribute is also inherited from Decal CAPAE530W610HN.
*          The change is not fully reconciled for cases where the schematic
*          does not support hierarchical attributes.

Line 56 , Section *DEL_ATTRIBUTE*
"TIMESTAMP"
* WARNING: Processing command to delete attribute "TIMESTAMP" from Component C3.
*          The attribute is also inherited from Decal CAPAE530W610HN.
*          The change is not fully reconciled for cases where the schematic
*          does not support hierarchical attributes.
